2026-07-21 13:12:18,146 - __main__ - INFO - 🚀 SupplyChains Bot запущен!
2026-07-21 13:12:18,146 - __main__ - INFO - 📢 Канал: @supplychains
2026-07-21 13:12:18,146 - __main__ - INFO - 👤 Админ: 143946238
2026-07-21 13:12:18,643 - httpx - INFO - HTTP Request: POST https://api.telegram.org/bot7585418611:AAG3y1sv4vQTkDM24HuDM_Ie4NcUnV5MXXU/getMe "HTTP/1.1 200 OK"
2026-07-21 13:12:18,806 - httpx - INFO - HTTP Request: POST https://api.telegram.org/bot7585418611:AAG3y1sv4vQTkDM24HuDM_Ie4NcUnV5MXXU/deleteWebhook "HTTP/1.1 200 OK"
2026-07-21 13:12:18,808 - telegram.ext.Application - INFO - Application started
2026-07-21 13:12:19,291 - httpx - INFO - HTTP Request: POST https://api.telegram.org/bot7585418611:AAG3y1sv4vQTkDM24HuDM_Ie4NcUnV5MXXU/getUpdates "HTTP/1.1 200 OK"
2026-07-21 13:12:19,482 - httpx - INFO - HTTP Request: POST https://api.telegram.org/bot7585418611:AAG3y1sv4vQTkDM24HuDM_Ie4NcUnV5MXXU/sendMessage "HTTP/1.1 200 OK"
2026-07-21 13:12:29,456 - httpx - INFO - HTTP Request: POST https://api.telegram.org/bot7585418611:AAG3y1sv4vQTkDM24HuDM_Ie4NcUnV5MXXU/getUpdates "HTTP/1.1 200 OK"
2026-07-21 13:12:39,617 - httpx - INFO - HTTP Request: POST https://api.telegram.org/bot7585418611:AAG3y1sv4vQTkDM24HuDM_Ie4NcUnV5MXXU/getUpdates "HTTP/1.1 200 OK"
2026-07-21 13:12:49,781 - httpx - INFO - HTTP Request: POST https://api.telegram.org/bot7585418611:AAG3y1sv4vQTkDM24HuDM_Ie4NcUnV5MXXU/getUpdates "HTTP/1.1 200 OK"
2026-07-21 13:12:59,944 - httpx - INFO - HTTP Request: POST https://api.telegram.org/bot7585418611:AAG3y1sv4vQTkDM24HuDM_Ie4NcUnV5MXXU/getUpdates "HTTP/1.1 200 OK"
2026-07-21 13:13:10,108 - httpx - INFO - HTTP Request: POST https://api.telegram.org/bot7585418611:AAG3y1sv4vQTkDM24HuDM_Ie4NcUnV5MXXU/getUpdates "HTTP/1.1 200 OK"
2026-07-21 13:13:20,270 - httpx - INFO - HTTP Request: POST https://api.telegram.org/bot7585418611:AAG3y1sv4vQTkDM24HuDM_Ie4NcUnV5MXXU/getUpdates "HTTP/1.1 200 OK"
2026-07-21 13:13:30,435 - httpx - INFO - HTTP Request: POST https://api.telegram.org/bot7585418611:AAG3y1sv4vQTkDM24HuDM_Ie4NcUnV5MXXU/getUpdates "HTTP/1.1 200 OK"
2026-07-21 13:13:40,598 - httpx - INFO - HTTP Request: POST https://api.telegram.org/bot7585418611:AAG3y1sv4vQTkDM24HuDM_Ie4NcUnV5MXXU/getUpdates "HTTP/1.1 200 OK"
2026-07-21 13:13:50,761 - httpx - INFO - HTTP Request: POST https://api.telegram.org/bot7585418611:AAG3y1sv4vQTkDM24HuDM_Ie4NcUnV5MXXU/getUpdates "HTTP/1.1 200 OK"
2026-07-21 13:14:00,927 - httpx - INFO - HTTP Request: POST https://api.telegram.org/bot7585418611:AAG3y1sv4vQTkDM24HuDM_Ie4NcUnV5MXXU/getUpdates "HTTP/1.1 200 OK"
2026-07-21 13:14:11,090 - httpx - INFO - HTTP Request: POST https://api.telegram.org/bot7585418611:AAG3y1sv4vQTkDM24HuDM_Ie4NcUnV5MXXU/getUpdates "HTTP/1.1 200 OK"
2026-07-21 13:14:21,259 - httpx - INFO - HTTP Request: POST https://api.telegram.org/bot7585418611:AAG3y1sv4vQTkDM24HuDM_Ie4NcUnV5MXXU/getUpdates "HTTP/1.1 200 OK"
2026-07-21 13:14:31,421 - httpx - INFO - HTTP Request: POST https://api.telegram.org/bot7585418611:AAG3y1sv4vQTkDM24HuDM_Ie4NcUnV5MXXU/getUpdates "HTTP/1.1 200 OK"
2026-07-21 13:14:41,584 - httpx - INFO - HTTP Request: POST https://api.telegram.org/bot7585418611:AAG3y1sv4vQTkDM24HuDM_Ie4NcUnV5MXXU/getUpdates "HTTP/1.1 200 OK"
2026-07-21 13:14:51,747 - httpx - INFO - HTTP Request: POST https://api.telegram.org/bot7585418611:AAG3y1sv4vQTkDM24HuDM_Ie4NcUnV5MXXU/getUpdates "HTTP/1.1 200 OK"
2026-07-21 13:15:01,909 - httpx - INFO - HTTP Request: POST https://api.telegram.org/bot7585418611:AAG3y1sv4vQTkDM24HuDM_Ie4NcUnV5MXXU/getUpdates "HTTP/1.1 200 OK"
2026-07-21 13:15:12,073 - httpx - INFO - HTTP Request: POST https://api.telegram.org/bot7585418611:AAG3y1sv4vQTkDM24HuDM_Ie4NcUnV5MXXU/getUpdates "HTTP/1.1 200 OK"
2026-07-21 13:15:15,275 - httpx - INFO - HTTP Request: POST https://api.telegram.org/bot7585418611:AAG3y1sv4vQTkDM24HuDM_Ie4NcUnV5MXXU/getUpdates "HTTP/1.1 409 Conflict"
2026-07-21 13:15:15,276 - telegram.ext.Application - ERROR - No error handlers are registered, logging exception.
Traceback (most recent call last):
  File "/usr/local/lib/python3.12/dist-packages/telegram/ext/_utils/networkloop.py", line 161, in network_retry_loop
    await do_action()
  File "/usr/local/lib/python3.12/dist-packages/telegram/ext/_utils/networkloop.py", line 154, in do_action
    action_cb_task.result()
  File "/usr/local/lib/python3.12/dist-packages/telegram/ext/_updater.py", line 340, in polling_action_cb
    updates = await self.bot.get_updates(
              ^^^^^^^^^^^^^^^^^^^^^^^^^^^
  File "/usr/local/lib/python3.12/dist-packages/telegram/ext/_extbot.py", line 672, in get_updates
    updates = await super().get_updates(
              ^^^^^^^^^^^^^^^^^^^^^^^^^^
  File "/usr/local/lib/python3.12/dist-packages/telegram/_bot.py", line 4865, in get_updates
    await self._post(
  File "/usr/local/lib/python3.12/dist-packages/telegram/_bot.py", line 704, in _post
    return await self._do_post(
           ^^^^^^^^^^^^^^^^^^^^
  File "/usr/local/lib/python3.12/dist-packages/telegram/ext/_extbot.py", line 370, in _do_post
    return await super()._do_post(
           ^^^^^^^^^^^^^^^^^^^^^^^
  File "/usr/local/lib/python3.12/dist-packages/telegram/_bot.py", line 733, in _do_post
    result = await request.post(
             ^^^^^^^^^^^^^^^^^^^
  File "/usr/local/lib/python3.12/dist-packages/telegram/request/_baserequest.py", line 198, in post
    result = await self._request_wrapper(
             ^^^^^^^^^^^^^^^^^^^^^^^^^^^^
  File "/usr/local/lib/python3.12/dist-packages/telegram/request/_baserequest.py", line 375, in _request_wrapper
    raise exception
telegram.error.Conflict: Conflict: terminated by other getUpdates request; make sure that only one bot instance is running
2026-07-21 13:15:20,606 - httpx - INFO - HTTP Request: POST https://api.telegram.org/bot7585418611:AAG3y1sv4vQTkDM24HuDM_Ie4NcUnV5MXXU/getUpdates "HTTP/1.1 409 Conflict"
2026-07-21 13:15:20,607 - telegram.ext.Application - ERROR - No error handlers are registered, logging exception.
Traceback (most recent call last):
  File "/usr/local/lib/python3.12/dist-packages/telegram/ext/_utils/networkloop.py", line 161, in network_retry_loop
    await do_action()
  File "/usr/local/lib/python3.12/dist-packages/telegram/ext/_utils/networkloop.py", line 154, in do_action
    action_cb_task.result()
  File "/usr/local/lib/python3.12/dist-packages/telegram/ext/_updater.py", line 340, in polling_action_cb
    updates = await self.bot.get_updates(
              ^^^^^^^^^^^^^^^^^^^^^^^^^^^
  File "/usr/local/lib/python3.12/dist-packages/telegram/ext/_extbot.py", line 672, in get_updates
    updates = await super().get_updates(
              ^^^^^^^^^^^^^^^^^^^^^^^^^^
  File "/usr/local/lib/python3.12/dist-packages/telegram/_bot.py", line 4865, in get_updates
    await self._post(
  File "/usr/local/lib/python3.12/dist-packages/telegram/_bot.py", line 704, in _post
    return await self._do_post(
           ^^^^^^^^^^^^^^^^^^^^
  File "/usr/local/lib/python3.12/dist-packages/telegram/ext/_extbot.py", line 370, in _do_post
    return await super()._do_post(
           ^^^^^^^^^^^^^^^^^^^^^^^
  File "/usr/local/lib/python3.12/dist-packages/telegram/_bot.py", line 733, in _do_post
    result = await request.post(
             ^^^^^^^^^^^^^^^^^^^
  File "/usr/local/lib/python3.12/dist-packages/telegram/request/_baserequest.py", line 198, in post
    result = await self._request_wrapper(
             ^^^^^^^^^^^^^^^^^^^^^^^^^^^^
  File "/usr/local/lib/python3.12/dist-packages/telegram/request/_baserequest.py", line 375, in _request_wrapper
    raise exception
telegram.error.Conflict: Conflict: terminated by other getUpdates request; make sure that only one bot instance is running
2026-07-21 13:15:26,936 - httpx - INFO - HTTP Request: POST https://api.telegram.org/bot7585418611:AAG3y1sv4vQTkDM24HuDM_Ie4NcUnV5MXXU/getUpdates "HTTP/1.1 409 Conflict"
2026-07-21 13:15:26,938 - telegram.ext.Application - ERROR - No error handlers are registered, logging exception.
Traceback (most recent call last):
  File "/usr/local/lib/python3.12/dist-packages/telegram/ext/_utils/networkloop.py", line 161, in network_retry_loop
    await do_action()
  File "/usr/local/lib/python3.12/dist-packages/telegram/ext/_utils/networkloop.py", line 154, in do_action
    action_cb_task.result()
  File "/usr/local/lib/python3.12/dist-packages/telegram/ext/_updater.py", line 340, in polling_action_cb
    updates = await self.bot.get_updates(
              ^^^^^^^^^^^^^^^^^^^^^^^^^^^
  File "/usr/local/lib/python3.12/dist-packages/telegram/ext/_extbot.py", line 672, in get_updates
    updates = await super().get_updates(
              ^^^^^^^^^^^^^^^^^^^^^^^^^^
  File "/usr/local/lib/python3.12/dist-packages/telegram/_bot.py", line 4865, in get_updates
    await self._post(
  File "/usr/local/lib/python3.12/dist-packages/telegram/_bot.py", line 704, in _post
    return await self._do_post(
           ^^^^^^^^^^^^^^^^^^^^
  File "/usr/local/lib/python3.12/dist-packages/telegram/ext/_extbot.py", line 370, in _do_post
    return await super()._do_post(
           ^^^^^^^^^^^^^^^^^^^^^^^
  File "/usr/local/lib/python3.12/dist-packages/telegram/_bot.py", line 733, in _do_post
    result = await request.post(
             ^^^^^^^^^^^^^^^^^^^
  File "/usr/local/lib/python3.12/dist-packages/telegram/request/_baserequest.py", line 198, in post
    result = await self._request_wrapper(
             ^^^^^^^^^^^^^^^^^^^^^^^^^^^^
  File "/usr/local/lib/python3.12/dist-packages/telegram/request/_baserequest.py", line 375, in _request_wrapper
    raise exception
telegram.error.Conflict: Conflict: terminated by other getUpdates request; make sure that only one bot instance is running
2026-07-21 13:15:34,766 - httpx - INFO - HTTP Request: POST https://api.telegram.org/bot7585418611:AAG3y1sv4vQTkDM24HuDM_Ie4NcUnV5MXXU/getUpdates "HTTP/1.1 409 Conflict"
2026-07-21 13:15:34,768 - telegram.ext.Application - ERROR - No error handlers are registered, logging exception.
Traceback (most recent call last):
  File "/usr/local/lib/python3.12/dist-packages/telegram/ext/_utils/networkloop.py", line 161, in network_retry_loop
    await do_action()
  File "/usr/local/lib/python3.12/dist-packages/telegram/ext/_utils/networkloop.py", line 154, in do_action
    action_cb_task.result()
  File "/usr/local/lib/python3.12/dist-packages/telegram/ext/_updater.py", line 340, in polling_action_cb
    updates = await self.bot.get_updates(
              ^^^^^^^^^^^^^^^^^^^^^^^^^^^
  File "/usr/local/lib/python3.12/dist-packages/telegram/ext/_extbot.py", line 672, in get_updates
    updates = await super().get_updates(
              ^^^^^^^^^^^^^^^^^^^^^^^^^^
  File "/usr/local/lib/python3.12/dist-packages/telegram/_bot.py", line 4865, in get_updates
    await self._post(
  File "/usr/local/lib/python3.12/dist-packages/telegram/_bot.py", line 704, in _post
    return await self._do_post(
           ^^^^^^^^^^^^^^^^^^^^
  File "/usr/local/lib/python3.12/dist-packages/telegram/ext/_extbot.py", line 370, in _do_post
    return await super()._do_post(
           ^^^^^^^^^^^^^^^^^^^^^^^
  File "/usr/local/lib/python3.12/dist-packages/telegram/_bot.py", line 733, in _do_post
    result = await request.post(
             ^^^^^^^^^^^^^^^^^^^
  File "/usr/local/lib/python3.12/dist-packages/telegram/request/_baserequest.py", line 198, in post
    result = await self._request_wrapper(
             ^^^^^^^^^^^^^^^^^^^^^^^^^^^^
  File "/usr/local/lib/python3.12/dist-packages/telegram/request/_baserequest.py", line 375, in _request_wrapper
    raise exception
telegram.error.Conflict: Conflict: terminated by other getUpdates request; make sure that only one bot instance is running
2026-07-21 13:15:41,854 - httpx - INFO - HTTP Request: POST https://api.telegram.org/bot7585418611:AAG3y1sv4vQTkDM24HuDM_Ie4NcUnV5MXXU/getUpdates "HTTP/1.1 409 Conflict"
2026-07-21 13:15:41,855 - telegram.ext.Application - ERROR - No error handlers are registered, logging exception.
Traceback (most recent call last):
  File "/usr/local/lib/python3.12/dist-packages/telegram/ext/_utils/networkloop.py", line 161, in network_retry_loop
    await do_action()
  File "/usr/local/lib/python3.12/dist-packages/telegram/ext/_utils/networkloop.py", line 154, in do_action
    action_cb_task.result()
  File "/usr/local/lib/python3.12/dist-packages/telegram/ext/_updater.py", line 340, in polling_action_cb
    updates = await self.bot.get_updates(
              ^^^^^^^^^^^^^^^^^^^^^^^^^^^
  File "/usr/local/lib/python3.12/dist-packages/telegram/ext/_extbot.py", line 672, in get_updates
    updates = await super().get_updates(
              ^^^^^^^^^^^^^^^^^^^^^^^^^^
  File "/usr/local/lib/python3.12/dist-packages/telegram/_bot.py", line 4865, in get_updates
    await self._post(
  File "/usr/local/lib/python3.12/dist-packages/telegram/_bot.py", line 704, in _post
    return await self._do_post(
           ^^^^^^^^^^^^^^^^^^^^
  File "/usr/local/lib/python3.12/dist-packages/telegram/ext/_extbot.py", line 370, in _do_post
    return await super()._do_post(
           ^^^^^^^^^^^^^^^^^^^^^^^
  File "/usr/local/lib/python3.12/dist-packages/telegram/_bot.py", line 733, in _do_post
    result = await request.post(
             ^^^^^^^^^^^^^^^^^^^
  File "/usr/local/lib/python3.12/dist-packages/telegram/request/_baserequest.py", line 198, in post
    result = await self._request_wrapper(
             ^^^^^^^^^^^^^^^^^^^^^^^^^^^^
  File "/usr/local/lib/python3.12/dist-packages/telegram/request/_baserequest.py", line 375, in _request_wrapper
    raise exception
telegram.error.Conflict: Conflict: terminated by other getUpdates request; make sure that only one bot instance is running
2026-07-21 13:15:53,030 - httpx - INFO - HTTP Request: POST https://api.telegram.org/bot7585418611:AAG3y1sv4vQTkDM24HuDM_Ie4NcUnV5MXXU/getUpdates "HTTP/1.1 409 Conflict"
2026-07-21 13:15:53,031 - telegram.ext.Application - ERROR - No error handlers are registered, logging exception.
Traceback (most recent call last):
  File "/usr/local/lib/python3.12/dist-packages/telegram/ext/_utils/networkloop.py", line 161, in network_retry_loop
    await do_action()
  File "/usr/local/lib/python3.12/dist-packages/telegram/ext/_utils/networkloop.py", line 154, in do_action
    action_cb_task.result()
  File "/usr/local/lib/python3.12/dist-packages/telegram/ext/_updater.py", line 340, in polling_action_cb
    updates = await self.bot.get_updates(
              ^^^^^^^^^^^^^^^^^^^^^^^^^^^
  File "/usr/local/lib/python3.12/dist-packages/telegram/ext/_extbot.py", line 672, in get_updates
    updates = await super().get_updates(
              ^^^^^^^^^^^^^^^^^^^^^^^^^^
  File "/usr/local/lib/python3.12/dist-packages/telegram/_bot.py", line 4865, in get_updates
    await self._post(
  File "/usr/local/lib/python3.12/dist-packages/telegram/_bot.py", line 704, in _post
    return await self._do_post(
           ^^^^^^^^^^^^^^^^^^^^
  File "/usr/local/lib/python3.12/dist-packages/telegram/ext/_extbot.py", line 370, in _do_post
    return await super()._do_post(
           ^^^^^^^^^^^^^^^^^^^^^^^
  File "/usr/local/lib/python3.12/dist-packages/telegram/_bot.py", line 733, in _do_post
    result = await request.post(
             ^^^^^^^^^^^^^^^^^^^
  File "/usr/local/lib/python3.12/dist-packages/telegram/request/_baserequest.py", line 198, in post
    result = await self._request_wrapper(
             ^^^^^^^^^^^^^^^^^^^^^^^^^^^^
  File "/usr/local/lib/python3.12/dist-packages/telegram/request/_baserequest.py", line 375, in _request_wrapper
    raise exception
telegram.error.Conflict: Conflict: terminated by other getUpdates request; make sure that only one bot instance is running
2026-07-21 13:16:09,242 - httpx - INFO - HTTP Request: POST https://api.telegram.org/bot7585418611:AAG3y1sv4vQTkDM24HuDM_Ie4NcUnV5MXXU/getUpdates "HTTP/1.1 409 Conflict"
2026-07-21 13:16:09,244 - telegram.ext.Application - ERROR - No error handlers are registered, logging exception.
Traceback (most recent call last):
  File "/usr/local/lib/python3.12/dist-packages/telegram/ext/_utils/networkloop.py", line 161, in network_retry_loop
    await do_action()
  File "/usr/local/lib/python3.12/dist-packages/telegram/ext/_utils/networkloop.py", line 154, in do_action
    action_cb_task.result()
  File "/usr/local/lib/python3.12/dist-packages/telegram/ext/_updater.py", line 340, in polling_action_cb
    updates = await self.bot.get_updates(
              ^^^^^^^^^^^^^^^^^^^^^^^^^^^
  File "/usr/local/lib/python3.12/dist-packages/telegram/ext/_extbot.py", line 672, in get_updates
    updates = await super().get_updates(
              ^^^^^^^^^^^^^^^^^^^^^^^^^^
  File "/usr/local/lib/python3.12/dist-packages/telegram/_bot.py", line 4865, in get_updates
    await self._post(
  File "/usr/local/lib/python3.12/dist-packages/telegram/_bot.py", line 704, in _post
    return await self._do_post(
           ^^^^^^^^^^^^^^^^^^^^
  File "/usr/local/lib/python3.12/dist-packages/telegram/ext/_extbot.py", line 370, in _do_post
    return await super()._do_post(
           ^^^^^^^^^^^^^^^^^^^^^^^
  File "/usr/local/lib/python3.12/dist-packages/telegram/_bot.py", line 733, in _do_post
    result = await request.post(
             ^^^^^^^^^^^^^^^^^^^
  File "/usr/local/lib/python3.12/dist-packages/telegram/request/_baserequest.py", line 198, in post
    result = await self._request_wrapper(
             ^^^^^^^^^^^^^^^^^^^^^^^^^^^^
  File "/usr/local/lib/python3.12/dist-packages/telegram/request/_baserequest.py", line 375, in _request_wrapper
    raise exception
telegram.error.Conflict: Conflict: terminated by other getUpdates request; make sure that only one bot instance is running
2026-07-21 13:16:25,312 - httpx - INFO - HTTP Request: POST https://api.telegram.org/bot7585418611:AAG3y1sv4vQTkDM24HuDM_Ie4NcUnV5MXXU/getUpdates "HTTP/1.1 409 Conflict"
2026-07-21 13:16:25,313 - telegram.ext.Application - ERROR - No error handlers are registered, logging exception.
Traceback (most recent call last):
  File "/usr/local/lib/python3.12/dist-packages/telegram/ext/_utils/networkloop.py", line 161, in network_retry_loop
    await do_action()
  File "/usr/local/lib/python3.12/dist-packages/telegram/ext/_utils/networkloop.py", line 154, in do_action
    action_cb_task.result()
  File "/usr/local/lib/python3.12/dist-packages/telegram/ext/_updater.py", line 340, in polling_action_cb
    updates = await self.bot.get_updates(
              ^^^^^^^^^^^^^^^^^^^^^^^^^^^
  File "/usr/local/lib/python3.12/dist-packages/telegram/ext/_extbot.py", line 672, in get_updates
    updates = await super().get_updates(
              ^^^^^^^^^^^^^^^^^^^^^^^^^^
  File "/usr/local/lib/python3.12/dist-packages/telegram/_bot.py", line 4865, in get_updates
    await self._post(
  File "/usr/local/lib/python3.12/dist-packages/telegram/_bot.py", line 704, in _post
    return await self._do_post(
           ^^^^^^^^^^^^^^^^^^^^
  File "/usr/local/lib/python3.12/dist-packages/telegram/ext/_extbot.py", line 370, in _do_post
    return await super()._do_post(
           ^^^^^^^^^^^^^^^^^^^^^^^
  File "/usr/local/lib/python3.12/dist-packages/telegram/_bot.py", line 733, in _do_post
    result = await request.post(
             ^^^^^^^^^^^^^^^^^^^
  File "/usr/local/lib/python3.12/dist-packages/telegram/request/_baserequest.py", line 198, in post
    result = await self._request_wrapper(
             ^^^^^^^^^^^^^^^^^^^^^^^^^^^^
  File "/usr/local/lib/python3.12/dist-packages/telegram/request/_baserequest.py", line 375, in _request_wrapper
    raise exception
telegram.error.Conflict: Conflict: terminated by other getUpdates request; make sure that only one bot instance is running
2026-07-21 13:16:47,072 - httpx - INFO - HTTP Request: POST https://api.telegram.org/bot7585418611:AAG3y1sv4vQTkDM24HuDM_Ie4NcUnV5MXXU/getUpdates "HTTP/1.1 409 Conflict"
2026-07-21 13:16:47,073 - telegram.ext.Application - ERROR - No error handlers are registered, logging exception.
Traceback (most recent call last):
  File "/usr/local/lib/python3.12/dist-packages/telegram/ext/_utils/networkloop.py", line 161, in network_retry_loop
    await do_action()
  File "/usr/local/lib/python3.12/dist-packages/telegram/ext/_utils/networkloop.py", line 154, in do_action
    action_cb_task.result()
  File "/usr/local/lib/python3.12/dist-packages/telegram/ext/_updater.py", line 340, in polling_action_cb
    updates = await self.bot.get_updates(
              ^^^^^^^^^^^^^^^^^^^^^^^^^^^
  File "/usr/local/lib/python3.12/dist-packages/telegram/ext/_extbot.py", line 672, in get_updates
    updates = await super().get_updates(
              ^^^^^^^^^^^^^^^^^^^^^^^^^^
  File "/usr/local/lib/python3.12/dist-packages/telegram/_bot.py", line 4865, in get_updates
    await self._post(
  File "/usr/local/lib/python3.12/dist-packages/telegram/_bot.py", line 704, in _post
    return await self._do_post(
           ^^^^^^^^^^^^^^^^^^^^
  File "/usr/local/lib/python3.12/dist-packages/telegram/ext/_extbot.py", line 370, in _do_post
    return await super()._do_post(
           ^^^^^^^^^^^^^^^^^^^^^^^
  File "/usr/local/lib/python3.12/dist-packages/telegram/_bot.py", line 733, in _do_post
    result = await request.post(
             ^^^^^^^^^^^^^^^^^^^
  File "/usr/local/lib/python3.12/dist-packages/telegram/request/_baserequest.py", line 198, in post
    result = await self._request_wrapper(
             ^^^^^^^^^^^^^^^^^^^^^^^^^^^^
  File "/usr/local/lib/python3.12/dist-packages/telegram/request/_baserequest.py", line 375, in _request_wrapper
    raise exception
telegram.error.Conflict: Conflict: terminated by other getUpdates request; make sure that only one bot instance is running
2026-07-21 13:17:17,433 - httpx - INFO - HTTP Request: POST https://api.telegram.org/bot7585418611:AAG3y1sv4vQTkDM24HuDM_Ie4NcUnV5MXXU/getUpdates "HTTP/1.1 409 Conflict"
2026-07-21 13:17:17,434 - telegram.ext.Application - ERROR - No error handlers are registered, logging exception.
Traceback (most recent call last):
  File "/usr/local/lib/python3.12/dist-packages/telegram/ext/_utils/networkloop.py", line 161, in network_retry_loop
    await do_action()
  File "/usr/local/lib/python3.12/dist-packages/telegram/ext/_utils/networkloop.py", line 154, in do_action
    action_cb_task.result()
  File "/usr/local/lib/python3.12/dist-packages/telegram/ext/_updater.py", line 340, in polling_action_cb
    updates = await self.bot.get_updates(
              ^^^^^^^^^^^^^^^^^^^^^^^^^^^
  File "/usr/local/lib/python3.12/dist-packages/telegram/ext/_extbot.py", line 672, in get_updates
    updates = await super().get_updates(
              ^^^^^^^^^^^^^^^^^^^^^^^^^^
  File "/usr/local/lib/python3.12/dist-packages/telegram/_bot.py", line 4865, in get_updates
    await self._post(
  File "/usr/local/lib/python3.12/dist-packages/telegram/_bot.py", line 704, in _post
    return await self._do_post(
           ^^^^^^^^^^^^^^^^^^^^
  File "/usr/local/lib/python3.12/dist-packages/telegram/ext/_extbot.py", line 370, in _do_post
    return await super()._do_post(
           ^^^^^^^^^^^^^^^^^^^^^^^
  File "/usr/local/lib/python3.12/dist-packages/telegram/_bot.py", line 733, in _do_post
    result = await request.post(
             ^^^^^^^^^^^^^^^^^^^
  File "/usr/local/lib/python3.12/dist-packages/telegram/request/_baserequest.py", line 198, in post
    result = await self._request_wrapper(
             ^^^^^^^^^^^^^^^^^^^^^^^^^^^^
  File "/usr/local/lib/python3.12/dist-packages/telegram/request/_baserequest.py", line 375, in _request_wrapper
    raise exception
telegram.error.Conflict: Conflict: terminated by other getUpdates request; make sure that only one bot instance is running
2026-07-21 13:17:52,124 - httpx - INFO - HTTP Request: POST https://api.telegram.org/bot7585418611:AAG3y1sv4vQTkDM24HuDM_Ie4NcUnV5MXXU/getUpdates "HTTP/1.1 409 Conflict"
2026-07-21 13:17:52,125 - telegram.ext.Application - ERROR - No error handlers are registered, logging exception.
Traceback (most recent call last):
  File "/usr/local/lib/python3.12/dist-packages/telegram/ext/_utils/networkloop.py", line 161, in network_retry_loop
    await do_action()
  File "/usr/local/lib/python3.12/dist-packages/telegram/ext/_utils/networkloop.py", line 154, in do_action
    action_cb_task.result()
  File "/usr/local/lib/python3.12/dist-packages/telegram/ext/_updater.py", line 340, in polling_action_cb
    updates = await self.bot.get_updates(
              ^^^^^^^^^^^^^^^^^^^^^^^^^^^
  File "/usr/local/lib/python3.12/dist-packages/telegram/ext/_extbot.py", line 672, in get_updates
    updates = await super().get_updates(
              ^^^^^^^^^^^^^^^^^^^^^^^^^^
  File "/usr/local/lib/python3.12/dist-packages/telegram/_bot.py", line 4865, in get_updates
    await self._post(
  File "/usr/local/lib/python3.12/dist-packages/telegram/_bot.py", line 704, in _post
    return await self._do_post(
           ^^^^^^^^^^^^^^^^^^^^
  File "/usr/local/lib/python3.12/dist-packages/telegram/ext/_extbot.py", line 370, in _do_post
    return await super()._do_post(
           ^^^^^^^^^^^^^^^^^^^^^^^
  File "/usr/local/lib/python3.12/dist-packages/telegram/_bot.py", line 733, in _do_post
    result = await request.post(
             ^^^^^^^^^^^^^^^^^^^
  File "/usr/local/lib/python3.12/dist-packages/telegram/request/_baserequest.py", line 198, in post
    result = await self._request_wrapper(
             ^^^^^^^^^^^^^^^^^^^^^^^^^^^^
  File "/usr/local/lib/python3.12/dist-packages/telegram/request/_baserequest.py", line 375, in _request_wrapper
    raise exception
telegram.error.Conflict: Conflict: terminated by other getUpdates request; make sure that only one bot instance is running
2026-07-21 13:18:26,807 - httpx - INFO - HTTP Request: POST https://api.telegram.org/bot7585418611:AAG3y1sv4vQTkDM24HuDM_Ie4NcUnV5MXXU/getUpdates "HTTP/1.1 409 Conflict"
2026-07-21 13:18:26,809 - telegram.ext.Application - ERROR - No error handlers are registered, logging exception.
Traceback (most recent call last):
  File "/usr/local/lib/python3.12/dist-packages/telegram/ext/_utils/networkloop.py", line 161, in network_retry_loop
    await do_action()
  File "/usr/local/lib/python3.12/dist-packages/telegram/ext/_utils/networkloop.py", line 154, in do_action
    action_cb_task.result()
  File "/usr/local/lib/python3.12/dist-packages/telegram/ext/_updater.py", line 340, in polling_action_cb
    updates = await self.bot.get_updates(
              ^^^^^^^^^^^^^^^^^^^^^^^^^^^
  File "/usr/local/lib/python3.12/dist-packages/telegram/ext/_extbot.py", line 672, in get_updates
    updates = await super().get_updates(
              ^^^^^^^^^^^^^^^^^^^^^^^^^^
  File "/usr/local/lib/python3.12/dist-packages/telegram/_bot.py", line 4865, in get_updates
    await self._post(
  File "/usr/local/lib/python3.12/dist-packages/telegram/_bot.py", line 704, in _post
    return await self._do_post(
           ^^^^^^^^^^^^^^^^^^^^
  File "/usr/local/lib/python3.12/dist-packages/telegram/ext/_extbot.py", line 370, in _do_post
    return await super()._do_post(
           ^^^^^^^^^^^^^^^^^^^^^^^
  File "/usr/local/lib/python3.12/dist-packages/telegram/_bot.py", line 733, in _do_post
    result = await request.post(
             ^^^^^^^^^^^^^^^^^^^
  File "/usr/local/lib/python3.12/dist-packages/telegram/request/_baserequest.py", line 198, in post
    result = await self._request_wrapper(
             ^^^^^^^^^^^^^^^^^^^^^^^^^^^^
  File "/usr/local/lib/python3.12/dist-packages/telegram/request/_baserequest.py", line 375, in _request_wrapper
    raise exception
telegram.error.Conflict: Conflict: terminated by other getUpdates request; make sure that only one bot instance is running
2026-07-21 13:19:01,505 - httpx - INFO - HTTP Request: POST https://api.telegram.org/bot7585418611:AAG3y1sv4vQTkDM24HuDM_Ie4NcUnV5MXXU/getUpdates "HTTP/1.1 409 Conflict"
2026-07-21 13:19:01,506 - telegram.ext.Application - ERROR - No error handlers are registered, logging exception.
Traceback (most recent call last):
  File "/usr/local/lib/python3.12/dist-packages/telegram/ext/_utils/networkloop.py", line 161, in network_retry_loop
    await do_action()
  File "/usr/local/lib/python3.12/dist-packages/telegram/ext/_utils/networkloop.py", line 154, in do_action
    action_cb_task.result()
  File "/usr/local/lib/python3.12/dist-packages/telegram/ext/_updater.py", line 340, in polling_action_cb
    updates = await self.bot.get_updates(
              ^^^^^^^^^^^^^^^^^^^^^^^^^^^
  File "/usr/local/lib/python3.12/dist-packages/telegram/ext/_extbot.py", line 672, in get_updates
    updates = await super().get_updates(
              ^^^^^^^^^^^^^^^^^^^^^^^^^^
  File "/usr/local/lib/python3.12/dist-packages/telegram/_bot.py", line 4865, in get_updates
    await self._post(
  File "/usr/local/lib/python3.12/dist-packages/telegram/_bot.py", line 704, in _post
    return await self._do_post(
           ^^^^^^^^^^^^^^^^^^^^
  File "/usr/local/lib/python3.12/dist-packages/telegram/ext/_extbot.py", line 370, in _do_post
    return await super()._do_post(
           ^^^^^^^^^^^^^^^^^^^^^^^
  File "/usr/local/lib/python3.12/dist-packages/telegram/_bot.py", line 733, in _do_post
    result = await request.post(
             ^^^^^^^^^^^^^^^^^^^
  File "/usr/local/lib/python3.12/dist-packages/telegram/request/_baserequest.py", line 198, in post
    result = await self._request_wrapper(
             ^^^^^^^^^^^^^^^^^^^^^^^^^^^^
  File "/usr/local/lib/python3.12/dist-packages/telegram/request/_baserequest.py", line 375, in _request_wrapper
    raise exception
telegram.error.Conflict: Conflict: terminated by other getUpdates request; make sure that only one bot instance is running
2026-07-21 13:19:36,183 - httpx - INFO - HTTP Request: POST https://api.telegram.org/bot7585418611:AAG3y1sv4vQTkDM24HuDM_Ie4NcUnV5MXXU/getUpdates "HTTP/1.1 409 Conflict"
2026-07-21 13:19:36,185 - telegram.ext.Application - ERROR - No error handlers are registered, logging exception.
Traceback (most recent call last):
  File "/usr/local/lib/python3.12/dist-packages/telegram/ext/_utils/networkloop.py", line 161, in network_retry_loop
    await do_action()
  File "/usr/local/lib/python3.12/dist-packages/telegram/ext/_utils/networkloop.py", line 154, in do_action
    action_cb_task.result()
  File "/usr/local/lib/python3.12/dist-packages/telegram/ext/_updater.py", line 340, in polling_action_cb
    updates = await self.bot.get_updates(
              ^^^^^^^^^^^^^^^^^^^^^^^^^^^
  File "/usr/local/lib/python3.12/dist-packages/telegram/ext/_extbot.py", line 672, in get_updates
    updates = await super().get_updates(
              ^^^^^^^^^^^^^^^^^^^^^^^^^^
  File "/usr/local/lib/python3.12/dist-packages/telegram/_bot.py", line 4865, in get_updates
    await self._post(
  File "/usr/local/lib/python3.12/dist-packages/telegram/_bot.py", line 704, in _post
    return await self._do_post(
           ^^^^^^^^^^^^^^^^^^^^
  File "/usr/local/lib/python3.12/dist-packages/telegram/ext/_extbot.py", line 370, in _do_post
    return await super()._do_post(
           ^^^^^^^^^^^^^^^^^^^^^^^
  File "/usr/local/lib/python3.12/dist-packages/telegram/_bot.py", line 733, in _do_post
    result = await request.post(
             ^^^^^^^^^^^^^^^^^^^
  File "/usr/local/lib/python3.12/dist-packages/telegram/request/_baserequest.py", line 198, in post
    result = await self._request_wrapper(
             ^^^^^^^^^^^^^^^^^^^^^^^^^^^^
  File "/usr/local/lib/python3.12/dist-packages/telegram/request/_baserequest.py", line 375, in _request_wrapper
    raise exception
telegram.error.Conflict: Conflict: terminated by other getUpdates request; make sure that only one bot instance is running
2026-07-21 13:20:10,856 - httpx - INFO - HTTP Request: POST https://api.telegram.org/bot7585418611:AAG3y1sv4vQTkDM24HuDM_Ie4NcUnV5MXXU/getUpdates "HTTP/1.1 409 Conflict"
2026-07-21 13:20:10,857 - telegram.ext.Application - ERROR - No error handlers are registered, logging exception.
Traceback (most recent call last):
  File "/usr/local/lib/python3.12/dist-packages/telegram/ext/_utils/networkloop.py", line 161, in network_retry_loop
    await do_action()
  File "/usr/local/lib/python3.12/dist-packages/telegram/ext/_utils/networkloop.py", line 154, in do_action
    action_cb_task.result()
  File "/usr/local/lib/python3.12/dist-packages/telegram/ext/_updater.py", line 340, in polling_action_cb
    updates = await self.bot.get_updates(
              ^^^^^^^^^^^^^^^^^^^^^^^^^^^
  File "/usr/local/lib/python3.12/dist-packages/telegram/ext/_extbot.py", line 672, in get_updates
    updates = await super().get_updates(
              ^^^^^^^^^^^^^^^^^^^^^^^^^^
  File "/usr/local/lib/python3.12/dist-packages/telegram/_bot.py", line 4865, in get_updates
    await self._post(
  File "/usr/local/lib/python3.12/dist-packages/telegram/_bot.py", line 704, in _post
    return await self._do_post(
           ^^^^^^^^^^^^^^^^^^^^
  File "/usr/local/lib/python3.12/dist-packages/telegram/ext/_extbot.py", line 370, in _do_post
    return await super()._do_post(
           ^^^^^^^^^^^^^^^^^^^^^^^
  File "/usr/local/lib/python3.12/dist-packages/telegram/_bot.py", line 733, in _do_post
    result = await request.post(
             ^^^^^^^^^^^^^^^^^^^
  File "/usr/local/lib/python3.12/dist-packages/telegram/request/_baserequest.py", line 198, in post
    result = await self._request_wrapper(
             ^^^^^^^^^^^^^^^^^^^^^^^^^^^^
  File "/usr/local/lib/python3.12/dist-packages/telegram/request/_baserequest.py", line 375, in _request_wrapper
    raise exception
telegram.error.Conflict: Conflict: terminated by other getUpdates request; make sure that only one bot instance is running
2026-07-21 13:20:45,556 - httpx - INFO - HTTP Request: POST https://api.telegram.org/bot7585418611:AAG3y1sv4vQTkDM24HuDM_Ie4NcUnV5MXXU/getUpdates "HTTP/1.1 409 Conflict"
2026-07-21 13:20:45,558 - telegram.ext.Application - ERROR - No error handlers are registered, logging exception.
Traceback (most recent call last):
  File "/usr/local/lib/python3.12/dist-packages/telegram/ext/_utils/networkloop.py", line 161, in network_retry_loop
    await do_action()
  File "/usr/local/lib/python3.12/dist-packages/telegram/ext/_utils/networkloop.py", line 154, in do_action
    action_cb_task.result()
  File "/usr/local/lib/python3.12/dist-packages/telegram/ext/_updater.py", line 340, in polling_action_cb
    updates = await self.bot.get_updates(
              ^^^^^^^^^^^^^^^^^^^^^^^^^^^
  File "/usr/local/lib/python3.12/dist-packages/telegram/ext/_extbot.py", line 672, in get_updates
    updates = await super().get_updates(
              ^^^^^^^^^^^^^^^^^^^^^^^^^^
  File "/usr/local/lib/python3.12/dist-packages/telegram/_bot.py", line 4865, in get_updates
    await self._post(
  File "/usr/local/lib/python3.12/dist-packages/telegram/_bot.py", line 704, in _post
    return await self._do_post(
           ^^^^^^^^^^^^^^^^^^^^
  File "/usr/local/lib/python3.12/dist-packages/telegram/ext/_extbot.py", line 370, in _do_post
    return await super()._do_post(
           ^^^^^^^^^^^^^^^^^^^^^^^
  File "/usr/local/lib/python3.12/dist-packages/telegram/_bot.py", line 733, in _do_post
    result = await request.post(
             ^^^^^^^^^^^^^^^^^^^
  File "/usr/local/lib/python3.12/dist-packages/telegram/request/_baserequest.py", line 198, in post
    result = await self._request_wrapper(
             ^^^^^^^^^^^^^^^^^^^^^^^^^^^^
  File "/usr/local/lib/python3.12/dist-packages/telegram/request/_baserequest.py", line 375, in _request_wrapper
    raise exception
telegram.error.Conflict: Conflict: terminated by other getUpdates request; make sure that only one bot instance is running
2026-07-21 13:21:16,049 - httpx - INFO - HTTP Request: POST https://api.telegram.org/bot7585418611:AAG3y1sv4vQTkDM24HuDM_Ie4NcUnV5MXXU/getUpdates "HTTP/1.1 200 OK"
2026-07-21 13:21:16,051 - telegram.ext.Application - INFO - Application is stopping. This might take a moment.
2026-07-21 13:21:16,051 - telegram.ext.Application - INFO - Application.stop() complete
